<?xml version="1.0" encoding="UTF-8"?>
<!-- Generated by org.testng.reporters.JUnitXMLReporter -->
<testsuite hostname="pc" ignored="0" name="Default test" tests="4" failures="0" timestamp="24 Apr 2019 22:43:02 GMT" time="10.543" errors="0">
  <testcase name="testAdd" time="6.233" classname="tests.SampleTest"/>
  <testcase name="testDelete" time="0.048" classname="tests.SampleTest"/>
  <testcase name="testMail" time="4.21" classname="tests.SampleTest"/>
  <testcase name="testreceived" time="0.006" classname="tests.SampleTest"/>
</testsuite> <!-- Default test -->
