<?xml version="1.0" encoding="UTF-8"?>
<testng-results skipped="0" failed="0" ignored="0" total="4" passed="4">
  <reporter-output>
  </reporter-output>
  <suite name="Default suite" duration-ms="10543" started-at="2019-04-24T22:42:52Z" finished-at="2019-04-24T22:43:02Z">
    <groups>
    </groups>
    <test name="Default test" duration-ms="10543" started-at="2019-04-24T22:42:52Z" finished-at="2019-04-24T22:43:02Z">
      <class name="tests.SampleTest">
        <test-method status="PASS" signature="testAdd()[pri:0, instance:tests.SampleTest@eec5a4a]" name="testAdd" duration-ms="6233" started-at="2019-04-25T04:12:52Z" finished-at="2019-04-25T04:12:58Z">
          <reporter-output>
          </reporter-output>
        </test-method> <!-- testAdd -->
        <test-method status="PASS" signature="testDelete()[pri:0, instance:tests.SampleTest@eec5a4a]" name="testDelete" duration-ms="48" started-at="2019-04-25T04:12:58Z" finished-at="2019-04-25T04:12:58Z">
          <reporter-output>
          </reporter-output>
        </test-method> <!-- testDelete -->
        <test-method status="PASS" signature="testMail()[pri:0, instance:tests.SampleTest@eec5a4a]" name="testMail" duration-ms="4210" started-at="2019-04-25T04:12:58Z" finished-at="2019-04-25T04:13:02Z">
          <reporter-output>
          </reporter-output>
        </test-method> <!-- testMail -->
        <test-method status="PASS" signature="testreceived()[pri:0, instance:tests.SampleTest@eec5a4a]" name="testreceived" duration-ms="6" started-at="2019-04-25T04:13:02Z" finished-at="2019-04-25T04:13:02Z">
          <reporter-output>
          </reporter-output>
        </test-method> <!-- testreceived -->
      </class> <!-- tests.SampleTest -->
    </test> <!-- Default test -->
  </suite> <!-- Default suite -->
</testng-results>
